{"/Users/g.i.panda/Work/do-assessment/src/service/JsonService.js": {"path":"/Users/g.i.panda/Work/do-assessment/src/service/JsonService.js","statementMap":{"0":{"start":{"line":1,"column":15},"end":{"line":1,"column":41}},"1":{"start":{"line":3,"column":0},"end":{"line":12,"column":2}},"2":{"start":{"line":5,"column":26},"end":{"line":5,"column":37}},"3":{"start":{"line":6,"column":8},"end":{"line":9,"column":9}},"4":{"start":{"line":7,"column":12},"end":{"line":7,"column":56}},"5":{"start":{"line":8,"column":12},"end":{"line":8,"column":36}},"6":{"start":{"line":10,"column":8},"end":{"line":10,"column":25}}},"fnMap":{"0":{"name":"(anonymous_0)","decl":{"start":{"line":4,"column":16},"end":{"line":4,"column":17}},"loc":{"start":{"line":4,"column":26},"end":{"line":11,"column":5}},"line":4}},"branchMap":{"0":{"loc":{"start":{"line":6,"column":8},"end":{"line":9,"column":9}},"type":"if","locations":[{"start":{"line":6,"column":8},"end":{"line":9,"column":9}},{"start":{"line":6,"column":8},"end":{"line":9,"column":9}}],"line":6}},"s":{"0":2,"1":2,"2":5,"3":5,"4":4,"5":4,"6":5},"f":{"0":5},"b":{"0":[4,1]},"_coverageSchema":"1a1c01bbd47fc00a2c39e90264f33305004495a9","hash":"05f961b4bda9f05a06367c5bf91fd97ec9b3ff75"}
,"/Users/g.i.panda/Work/do-assessment/src/service/RequestService.js": {"path":"/Users/g.i.panda/Work/do-assessment/src/service/RequestService.js","statementMap":{"0":{"start":{"line":1,"column":20},"end":{"line":1,"column":44}},"1":{"start":{"line":2,"column":15},"end":{"line":2,"column":41}},"2":{"start":{"line":4,"column":0},"end":{"line":11,"column":2}},"3":{"start":{"line":6,"column":8},"end":{"line":6,"column":64}},"4":{"start":{"line":7,"column":8},"end":{"line":7,"column":24}},"5":{"start":{"line":8,"column":8},"end":{"line":8,"column":52}},"6":{"start":{"line":9,"column":8},"end":{"line":9,"column":51}}},"fnMap":{"0":{"name":"(anonymous_0)","decl":{"start":{"line":5,"column":19},"end":{"line":5,"column":20}},"loc":{"start":{"line":5,"column":33},"end":{"line":10,"column":5}},"line":5}},"branchMap":{},"s":{"0":1,"1":1,"2":1,"3":1,"4":1,"5":1,"6":1},"f":{"0":1},"b":{},"_coverageSchema":"1a1c01bbd47fc00a2c39e90264f33305004495a9","hash":"676ebced031f1b87cb7869c541d2d2642cfaf5df"}
,"/Users/g.i.panda/Work/do-assessment/src/utils/logger.js": {"path":"/Users/g.i.panda/Work/do-assessment/src/utils/logger.js","statementMap":{"0":{"start":{"line":1,"column":16},"end":{"line":1,"column":34}},"1":{"start":{"line":3,"column":0},"end":{"line":10,"column":3}}},"fnMap":{},"branchMap":{},"s":{"0":2,"1":2},"f":{},"b":{},"_coverageSchema":"1a1c01bbd47fc00a2c39e90264f33305004495a9","hash":"2d04c56956ddbc85065be37768ef618c77d61a15"}
}
